This file contains any messages produced by compilers while
running configure, to aid debugging if configure makes a mistake.

It was created by configure, which was
generated by GNU Autoconf 2.63.  Invocation command line was

  $ ./configure --prefix=/home/ext-jww004/local

## --------- ##
## Platform. ##
## --------- ##

hostname = brazos.tamu.edu
uname -m = x86_64
uname -r = 2.6.32.46.scalable
uname -s = Linux
uname -v = #1 SMP PREEMPT Mon Sep 5 12:03:54 CDT 2011

/usr/bin/uname -p = unknown
/bin/uname -X     = unknown

/bin/arch              = x86_64
/usr/bin/arch -k       = unknown
/usr/convex/getsysinfo = unknown
/usr/bin/hostinfo      = unknown
/bin/machine           = unknown
/usr/bin/oslevel       = unknown
/bin/universe          = unknown

PATH: /home/ext-jww004/local/bin
PATH: /home/ext-jww004/local/bin
PATH: /home/ext-jww004/perl5/bin
PATH: /home/ext-jww004/local/bin
PATH: /usr/kerberos/bin
PATH: /usr/local/bin
PATH: /bin
PATH: /usr/bin
PATH: /opt/dell/srvadmin/bin


## ----------- ##
## Core tests. ##
## ----------- ##

configure:2073: checking build system type
configure:2091: result: x86_64-unknown-linux-gnu
configure:2113: checking host system type
configure:2128: result: x86_64-unknown-linux-gnu
configure:2150: checking target system type
configure:2165: result: x86_64-unknown-linux-gnu
configure:2211: checking for a BSD-compatible install
configure:2279: result: /usr/bin/install -c
configure:2290: checking whether build environment is sane
configure:2333: result: yes
configure:2358: checking for a thread-safe mkdir -p
configure:2397: result: /bin/mkdir -p
configure:2410: checking for gawk
configure:2426: found /bin/gawk
configure:2437: result: gawk
configure:2448: checking whether make sets $(MAKE)
configure:2470: result: yes
configure:2658: checking whether to enable maintainer-specific portions of Makefiles
configure:2667: result: no
configure:2730: checking for gcc
configure:2746: found /usr/bin/gcc
configure:2757: result: gcc
configure:2989: checking for C compiler version
configure:2997: gcc --version >&5
gcc (GCC) 4.1.2 20080704 (Red Hat 4.1.2-52)
Copyright (C) 2006 Free Software Foundation, Inc.
This is free software; see the source for copying conditions.  There is NO
warranty; not even for MERCHANTABILITY or FITNESS FOR A PARTICULAR PURPOSE.

configure:3001: $? = 0
configure:3008: gcc -v >&5
Using built-in specs.
Target: x86_64-redhat-linux
Configured with: ../configure --prefix=/usr --mandir=/usr/share/man --infodir=/usr/share/info --enable-shared --enable-threads=posix --enable-checking=release --with-system-zlib --enable-__cxa_atexit --disable-libunwind-exceptions --enable-libgcj-multifile --enable-languages=c,c++,objc,obj-c++,java,fortran,ada --enable-java-awt=gtk --disable-dssi --disable-plugin --with-java-home=/usr/lib/jvm/java-1.4.2-gcj-1.4.2.0/jre --with-cpu=generic --host=x86_64-redhat-linux
Thread model: posix
gcc version 4.1.2 20080704 (Red Hat 4.1.2-52)
configure:3012: $? = 0
configure:3019: gcc -V >&5
gcc: '-V' option must have argument
configure:3023: $? = 1
configure:3046: checking for C compiler default output file name
configure:3068: gcc    conftest.c  >&5
configure:3072: $? = 0
configure:3110: result: a.out
configure:3129: checking whether the C compiler works
configure:3139: ./a.out
configure:3143: $? = 0
configure:3162: result: yes
configure:3169: checking whether we are cross compiling
configure:3171: result: no
configure:3174: checking for suffix of executables
configure:3181: gcc -o conftest    conftest.c  >&5
configure:3185: $? = 0
configure:3211: result: 
configure:3217: checking for suffix of object files
configure:3243: gcc -c   conftest.c >&5
configure:3247: $? = 0
configure:3272: result: o
configure:3276: checking whether we are using the GNU C compiler
configure:3305: gcc -c   conftest.c >&5
configure:3312: $? = 0
configure:3329: result: yes
configure:3338: checking whether gcc accepts -g
configure:3368: gcc -c -g  conftest.c >&5
configure:3375: $? = 0
configure:3476: result: yes
configure:3493: checking for gcc option to accept ISO C89
configure:3567: gcc  -c -g -O2  conftest.c >&5
configure:3574: $? = 0
configure:3597: result: none needed
configure:3626: checking for style of include used by make
configure:3654: result: GNU
configure:3679: checking dependency style of gcc
configure:3770: result: gcc3
configure:3787: checking for gcc option to accept ISO C99
configure:3946: gcc  -c -g -O2  conftest.c >&5
conftest.c:60: error: expected ';', ',' or ')' before 'text'
conftest.c: In function 'main':
conftest.c:114: error: expected '=', ',', ';', 'asm' or '__attribute__' before 'newvar'
conftest.c:114: error: 'newvar' undeclared (first use in this function)
conftest.c:114: error: (Each undeclared identifier is reported only once
conftest.c:114: error: for each function it appears in.)
conftest.c:124: error: 'for' loop initial declaration used outside C99 mode
configure:3953: $? = 1
configure: failed program was:
| /* confdefs.h.  */
| #define PACKAGE_NAME ""
| #define PACKAGE_TARNAME ""
| #define PACKAGE_VERSION ""
| #define PACKAGE_STRING ""
| #define PACKAGE_BUGREPORT ""
| #define PACKAGE "libjpeg"
| #define VERSION "6b"
| /* end confdefs.h.  */
| #include <stdarg.h>
| #include <stdbool.h>
| #include <stdlib.h>
| #include <wchar.h>
| #include <stdio.h>
| 
| // Check varargs macros.  These examples are taken from C99 6.10.3.5.
| #define debug(...) fprintf (stderr, __VA_ARGS__)
| #define showlist(...) puts (#__VA_ARGS__)
| #define report(test,...) ((test) ? puts (#test) : printf (__VA_ARGS__))
| static void
| test_varargs_macros (void)
| {
|   int x = 1234;
|   int y = 5678;
|   debug ("Flag");
|   debug ("X = %d\n", x);
|   showlist (The first, second, and third items.);
|   report (x>y, "x is %d but y is %d", x, y);
| }
| 
| // Check long long types.
| #define BIG64 18446744073709551615ull
| #define BIG32 4294967295ul
| #define BIG_OK (BIG64 / BIG32 == 4294967297ull && BIG64 % BIG32 == 0)
| #if !BIG_OK
|   your preprocessor is broken;
| #endif
| #if BIG_OK
| #else
|   your preprocessor is broken;
| #endif
| static long long int bignum = -9223372036854775807LL;
| static unsigned long long int ubignum = BIG64;
| 
| struct incomplete_array
| {
|   int datasize;
|   double data[];
| };
| 
| struct named_init {
|   int number;
|   const wchar_t *name;
|   double average;
| };
| 
| typedef const char *ccp;
| 
| static inline int
| test_restrict (ccp restrict text)
| {
|   // See if C++-style comments work.
|   // Iterate through items via the restricted pointer.
|   // Also check for declarations in for loops.
|   for (unsigned int i = 0; *(text+i) != '\0'; ++i)
|     continue;
|   return 0;
| }
| 
| // Check varargs and va_copy.
| static void
| test_varargs (const char *format, ...)
| {
|   va_list args;
|   va_start (args, format);
|   va_list args_copy;
|   va_copy (args_copy, args);
| 
|   const char *str;
|   int number;
|   float fnumber;
| 
|   while (*format)
|     {
|       switch (*format++)
| 	{
| 	case 's': // string
| 	  str = va_arg (args_copy, const char *);
| 	  break;
| 	case 'd': // int
| 	  number = va_arg (args_copy, int);
| 	  break;
| 	case 'f': // float
| 	  fnumber = va_arg (args_copy, double);
| 	  break;
| 	default:
| 	  break;
| 	}
|     }
|   va_end (args_copy);
|   va_end (args);
| }
| 
| int
| main ()
| {
| 
|   // Check bool.
|   _Bool success = false;
| 
|   // Check restrict.
|   if (test_restrict ("String literal") == 0)
|     success = true;
|   char *restrict newvar = "Another string";
| 
|   // Check varargs.
|   test_varargs ("s, d' f .", "string", 65, 34.234);
|   test_varargs_macros ();
| 
|   // Check flexible array members.
|   struct incomplete_array *ia =
|     malloc (sizeof (struct incomplete_array) + (sizeof (double) * 10));
|   ia->datasize = 10;
|   for (int i = 0; i < ia->datasize; ++i)
|     ia->data[i] = i * 1.234;
| 
|   // Check named initializers.
|   struct named_init ni = {
|     .number = 34,
|     .name = L"Test wide string",
|     .average = 543.34343,
|   };
| 
|   ni.number = 58;
| 
|   int dynamic_array[ni.number];
|   dynamic_array[ni.number - 1] = 543;
| 
|   // work around unused variable warnings
|   return (!success || bignum == 0LL || ubignum == 0uLL || newvar[0] == 'x'
| 	  || dynamic_array[ni.number - 1] != 543);
| 
|   ;
|   return 0;
| }
configure:3946: gcc -std=gnu99 -c -g -O2  conftest.c >&5
configure:3953: $? = 0
configure:3983: result: -std=gnu99
configure:4114: checking for gcc -std=gnu99 option to accept ISO Standard C
configure:4125: result: -std=gnu99
configure:4135: checking how to run the C preprocessor
configure:4175: gcc -std=gnu99 -E  conftest.c
configure:4182: $? = 0
configure:4213: gcc -std=gnu99 -E  conftest.c
conftest.c:10:28: error: ac_nonexistent.h: No such file or directory
configure:4220: $? = 1
configure: failed program was:
| /* confdefs.h.  */
| #define PACKAGE_NAME ""
| #define PACKAGE_TARNAME ""
| #define PACKAGE_VERSION ""
| #define PACKAGE_STRING ""
| #define PACKAGE_BUGREPORT ""
| #define PACKAGE "libjpeg"
| #define VERSION "6b"
| /* end confdefs.h.  */
| #include <ac_nonexistent.h>
configure:4253: result: gcc -std=gnu99 -E
configure:4282: gcc -std=gnu99 -E  conftest.c
configure:4289: $? = 0
configure:4320: gcc -std=gnu99 -E  conftest.c
conftest.c:10:28: error: ac_nonexistent.h: No such file or directory
configure:4327: $? = 1
configure: failed program was:
| /* confdefs.h.  */
| #define PACKAGE_NAME ""
| #define PACKAGE_TARNAME ""
| #define PACKAGE_VERSION ""
| #define PACKAGE_STRING ""
| #define PACKAGE_BUGREPORT ""
| #define PACKAGE "libjpeg"
| #define VERSION "6b"
| /* end confdefs.h.  */
| #include <ac_nonexistent.h>
configure:4380: checking for a BSD-compatible install
configure:4448: result: /usr/bin/install -c
configure:4459: checking whether make sets $(MAKE)
configure:4481: result: yes
configure:4490: checking whether ln -s works
configure:4494: result: yes
configure:4506: checking for function prototypes
configure:4544: gcc -std=gnu99 -c -g -O2  conftest.c >&5
configure:4551: $? = 0
configure:4567: result: yes
configure:4583: checking for grep that handles long lines and -e
configure:4643: result: /bin/grep
configure:4648: checking for egrep
configure:4712: result: /bin/grep -E
configure:4717: checking for ANSI C header files
configure:4747: gcc -std=gnu99 -c -g -O2  conftest.c >&5
configure:4754: $? = 0
configure:4853: gcc -std=gnu99 -o conftest -g -O2   conftest.c  >&5
configure:4857: $? = 0
configure:4863: ./conftest
configure:4867: $? = 0
configure:4885: result: yes
configure:4909: checking for sys/types.h
configure:4930: gcc -std=gnu99 -c -g -O2  conftest.c >&5
configure:4937: $? = 0
configure:4954: result: yes
configure:4909: checking for sys/stat.h
configure:4930: gcc -std=gnu99 -c -g -O2  conftest.c >&5
configure:4937: $? = 0
configure:4954: result: yes
configure:4909: checking for stdlib.h
configure:4930: gcc -std=gnu99 -c -g -O2  conftest.c >&5
configure:4937: $? = 0
configure:4954: result: yes
configure:4909: checking for string.h
configure:4930: gcc -std=gnu99 -c -g -O2  conftest.c >&5
configure:4937: $? = 0
configure:4954: result: yes
configure:4909: checking for memory.h
configure:4930: gcc -std=gnu99 -c -g -O2  conftest.c >&5
configure:4937: $? = 0
configure:4954: result: yes
configure:4909: checking for strings.h
configure:4930: gcc -std=gnu99 -c -g -O2  conftest.c >&5
configure:4937: $? = 0
configure:4954: result: yes
configure:4909: checking for inttypes.h
configure:4930: gcc -std=gnu99 -c -g -O2  conftest.c >&5
configure:4937: $? = 0
configure:4954: result: yes
configure:4909: checking for stdint.h
configure:4930: gcc -std=gnu99 -c -g -O2  conftest.c >&5
configure:4937: $? = 0
configure:4954: result: yes
configure:4909: checking for unistd.h
configure:4930: gcc -std=gnu99 -c -g -O2  conftest.c >&5
configure:4937: $? = 0
configure:4954: result: yes
configure:4985: checking stddef.h usability
configure:5002: gcc -std=gnu99 -c -g -O2  conftest.c >&5
configure:5009: $? = 0
configure:5023: result: yes
configure:5027: checking stddef.h presence
configure:5042: gcc -std=gnu99 -E  conftest.c
configure:5049: $? = 0
configure:5063: result: yes
configure:5091: checking for stddef.h
configure:5100: result: yes
configure:4974: checking for stdlib.h
configure:4981: result: yes
configure:5116: checking for string.h
configure:5121: result: yes
configure:5253: checking for size_t
configure:5290: gcc -std=gnu99 -c -g -O2  conftest.c >&5
configure:5297: $? = 0
configure:5311: result: yes
configure:5475: checking for type unsigned char
configure:5498: gcc -std=gnu99 -c -g -O2  conftest.c >&5
configure:5505: $? = 0
configure:5510: result: yes
configure:5526: checking for type unsigned short
configure:5549: gcc -std=gnu99 -c -g -O2  conftest.c >&5
configure:5556: $? = 0
configure:5561: result: yes
configure:5577: checking for type void
configure:5621: gcc -std=gnu99 -c -g -O2  conftest.c >&5
configure:5628: $? = 0
configure:5633: result: yes
configure:5650: checking for an ANSI C-conforming const
configure:5725: gcc -std=gnu99 -c -g -O2  conftest.c >&5
configure:5732: $? = 0
configure:5747: result: yes
configure:5757: checking for inline
configure:5782: gcc -std=gnu99 -c -g -O2  conftest.c >&5
configure:5789: $? = 0
configure:5887: result: __inline__
configure:5894: checking for broken incomplete types
configure:5917: gcc -std=gnu99 -c -g -O2  conftest.c >&5
configure:5924: $? = 0
configure:5929: result: ok
configure:5945: checking for short external names
configure:5971: gcc -std=gnu99 -o conftest -g -O2   conftest.c  >&5
configure:5978: $? = 0
configure:5986: result: ok
configure:6004: checking to see if char is signed
configure:6045: gcc -std=gnu99 -o conftest -g -O2   conftest.c  >&5
conftest.c: In function 'is_char_signed':
conftest.c:38: warning: implicit declaration of function 'printf'
conftest.c:38: warning: incompatible implicit declaration of built-in function 'printf'
conftest.c: In function 'main':
conftest.c:45: warning: implicit declaration of function 'exit'
conftest.c:45: warning: incompatible implicit declaration of built-in function 'exit'
configure:6049: $? = 0
configure:6055: ./conftest
configure:6059: $? = 1
configure: program exited with status 1
configure: failed program was:
| /* confdefs.h.  */
| #define PACKAGE_NAME ""
| #define PACKAGE_TARNAME ""
| #define PACKAGE_VERSION ""
| #define PACKAGE_STRING ""
| #define PACKAGE_BUGREPORT ""
| #define PACKAGE "libjpeg"
| #define VERSION "6b"
| #define HAVE_PROTOTYPES 1
| #define STDC_HEADERS 1
| #define HAVE_SYS_TYPES_H 1
| #define HAVE_SYS_STAT_H 1
| #define HAVE_STDLIB_H 1
| #define HAVE_STRING_H 1
| #define HAVE_MEMORY_H 1
| #define HAVE_STRINGS_H 1
| #define HAVE_INTTYPES_H 1
| #define HAVE_STDINT_H 1
| #define HAVE_UNISTD_H 1
| #define HAVE_STDDEF_H 1
| #define HAVE_STDLIB_H 1
| #define HAVE_UNSIGNED_CHAR 1
| #define HAVE_UNSIGNED_SHORT 1
| #define INLINE __inline__
| /* end confdefs.h.  */
| 
| #ifdef HAVE_PROTOTYPES
| int is_char_signed (int arg)
| #else
| int is_char_signed (arg)
|      int arg;
| #endif
| {
|   if (arg == 189) {		/* expected result for unsigned char */
|     return 0;			/* type char is unsigned */
|   }
|   else if (arg != -67) {	/* expected result for signed char */
|     printf("Hmm, it seems 'char' is not eight bits wide on your machine.\n");
|     printf("I fear the JPEG software will not work at all.\n\n");
|   }
|   return 1;			/* assume char is signed otherwise */
| }
| char signed_char_check = (char) (-67);
| int main() {
|   exit(is_char_signed((int) signed_char_check));
| }
configure:6074: result: yes
configure:6082: checking to see if right shift is signed
configure:6128: gcc -std=gnu99 -o conftest -g -O2   conftest.c  >&5
conftest.c: In function 'is_shifting_signed':
conftest.c:46: warning: implicit declaration of function 'printf'
conftest.c:46: warning: incompatible implicit declaration of built-in function 'printf'
conftest.c: In function 'main':
conftest.c:51: warning: implicit declaration of function 'exit'
conftest.c:51: warning: incompatible implicit declaration of built-in function 'exit'
configure:6132: $? = 0
configure:6138: ./conftest
configure:6142: $? = 1
configure: program exited with status 1
configure: failed program was:
| /* confdefs.h.  */
| #define PACKAGE_NAME ""
| #define PACKAGE_TARNAME ""
| #define PACKAGE_VERSION ""
| #define PACKAGE_STRING ""
| #define PACKAGE_BUGREPORT ""
| #define PACKAGE "libjpeg"
| #define VERSION "6b"
| #define HAVE_PROTOTYPES 1
| #define STDC_HEADERS 1
| #define HAVE_SYS_TYPES_H 1
| #define HAVE_SYS_STAT_H 1
| #define HAVE_STDLIB_H 1
| #define HAVE_STRING_H 1
| #define HAVE_MEMORY_H 1
| #define HAVE_STRINGS_H 1
| #define HAVE_INTTYPES_H 1
| #define HAVE_STDINT_H 1
| #define HAVE_UNISTD_H 1
| #define HAVE_STDDEF_H 1
| #define HAVE_STDLIB_H 1
| #define HAVE_UNSIGNED_CHAR 1
| #define HAVE_UNSIGNED_SHORT 1
| #define INLINE __inline__
| /* end confdefs.h.  */
| 
| #ifdef HAVE_PROTOTYPES
| int is_shifting_signed (long arg)
| #else
| int is_shifting_signed (arg)
|      long arg;
| #endif
| /* See whether right-shift on a long is signed or not. */
| {
|   long res = arg >> 4;
| 
|   if (res == -0x7F7E80CL) {	/* expected result for signed shift */
|     return 1;			/* right shift is signed */
|   }
|   /* see if unsigned-shift hack will fix it. */
|   /* we can't just test exact value since it depends on width of long... */
|   res |= (~0L) << (32-4);
|   if (res == -0x7F7E80CL) {	/* expected result now? */
|     return 0;			/* right shift is unsigned */
|   }
|   printf("Right shift isn't acting as I expect it to.\n");
|   printf("I fear the JPEG software will not work at all.\n\n");
|   return 0;			/* try it with unsigned anyway */
| }
| int main() {
|   exit(is_shifting_signed(-0x7F7E80B1L));
| }
configure:6157: result: yes
configure:6165: checking to see if fopen accepts b spec
configure:6191: gcc -std=gnu99 -o conftest -g -O2   conftest.c  >&5
conftest.c: In function 'main':
conftest.c:30: warning: implicit declaration of function 'exit'
conftest.c:30: warning: incompatible implicit declaration of built-in function 'exit'
conftest.c:31: warning: incompatible implicit declaration of built-in function 'exit'
configure:6195: $? = 0
configure:6201: ./conftest
configure:6205: $? = 0
configure:6207: result: yes
configure:6558: checking for a sed that does not truncate output
configure:6624: result: /bin/sed
configure:6642: checking for fgrep
configure:6706: result: /bin/grep -F
configure:6741: checking for ld used by gcc -std=gnu99
configure:6808: result: /usr/bin/ld
configure:6817: checking if the linker (/usr/bin/ld) is GNU ld
configure:6832: result: yes
configure:6844: checking for BSD- or MS-compatible name lister (nm)
configure:6893: result: /usr/bin/nm -B
configure:7011: checking the name lister (/usr/bin/nm -B) interface
configure:7018: gcc -std=gnu99 -c -g -O2  conftest.c >&5
configure:7021: /usr/bin/nm -B "conftest.o"
configure:7024: output
0000000000000000 B some_variable
configure:7031: result: BSD nm
configure:7035: checking the maximum length of command line arguments
configure:7155: result: 98304
configure:7172: checking whether the shell understands some XSI constructs
configure:7182: result: yes
configure:7186: checking whether the shell understands "+="
configure:7192: result: yes
configure:7227: checking for /usr/bin/ld option to reload object files
configure:7234: result: -r
configure:7303: checking for objdump
configure:7330: result: objdump
configure:7359: checking how to recognize dependent libraries
configure:7555: result: pass_all
configure:7615: checking for ar
configure:7631: found /usr/bin/ar
configure:7642: result: ar
configure:7720: checking for strip
configure:7736: found /usr/bin/strip
configure:7747: result: strip
configure:7819: checking for ranlib
configure:7835: found /usr/bin/ranlib
configure:7846: result: ranlib
configure:7936: checking command to parse /usr/bin/nm -B output from gcc -std=gnu99 object
configure:8054: gcc -std=gnu99 -c -g -O2  conftest.c >&5
configure:8057: $? = 0
configure:8061: /usr/bin/nm -B conftest.o \| sed -n -e 's/^.*[	 ]\([ABCDGIRSTW][ABCDGIRSTW]*\)[	 ][	 ]*\([_A-Za-z][_A-Za-z0-9]*\)$/\1 \2 \2/p' \> conftest.nm
configure:8064: $? = 0
configure:8118: gcc -std=gnu99 -o conftest -g -O2   conftest.c conftstm.o >&5
configure:8121: $? = 0
configure:8159: result: ok
configure:8254: gcc -std=gnu99 -c -g -O2  conftest.c >&5
configure:8257: $? = 0
configure:9024: checking for dlfcn.h
configure:9045: gcc -std=gnu99 -c -g -O2  conftest.c >&5
configure:9052: $? = 0
configure:9069: result: yes
configure:9253: checking for objdir
configure:9268: result: .libs
configure:9564: checking if gcc -std=gnu99 supports -fno-rtti -fno-exceptions
configure:9582: gcc -std=gnu99 -c -g -O2  -fno-rtti -fno-exceptions conftest.c >&5
cc1: warning: command line option "-fno-rtti" is valid for C++/ObjC++ but not for C
configure:9586: $? = 0
configure:9599: result: no
configure:9619: checking for gcc -std=gnu99 option to produce PIC
configure:9891: result: -fPIC -DPIC
configure:9903: checking if gcc -std=gnu99 PIC flag -fPIC -DPIC works
configure:9921: gcc -std=gnu99 -c -g -O2  -fPIC -DPIC -DPIC conftest.c >&5
configure:9925: $? = 0
configure:9938: result: yes
configure:9962: checking if gcc -std=gnu99 static flag -static works
configure:9990: result: yes
configure:10005: checking if gcc -std=gnu99 supports -c -o file.o
configure:10026: gcc -std=gnu99 -c -g -O2  -o out/conftest2.o conftest.c >&5
configure:10030: $? = 0
configure:10052: result: yes
configure:10060: checking if gcc -std=gnu99 supports -c -o file.o
configure:10107: result: yes
configure:10140: checking whether the gcc -std=gnu99 linker (/usr/bin/ld -m elf_x86_64) supports shared libraries
configure:11214: result: yes
configure:11251: checking whether -lc should be explicitly linked in
configure:11256: gcc -std=gnu99 -c -g -O2  conftest.c >&5
configure:11259: $? = 0
configure:11274: gcc -std=gnu99 -shared conftest.o  -v -Wl,-soname -Wl,conftest -o conftest 2\>\&1 \| /bin/grep  -lc  \>/dev/null 2\>\&1
configure:11277: $? = 0
configure:11289: result: no
configure:11453: checking dynamic linker characteristics
configure:11896: gcc -std=gnu99 -o conftest -g -O2   -Wl,-rpath -Wl,/foo conftest.c  >&5
configure:11903: $? = 0
configure:12136: result: GNU/Linux ld.so
configure:12238: checking how to hardcode library paths into programs
configure:12263: result: immediate
configure:13096: checking whether stripping libraries is possible
configure:13101: result: yes
configure:13136: checking if libtool supports shared libraries
configure:13138: result: yes
configure:13141: checking whether to build shared libraries
configure:13162: result: yes
configure:13165: checking whether to build static libraries
configure:13169: result: yes
configure:13393: checking png.h usability
configure:13410: gcc -std=gnu99 -c -g -O2  conftest.c >&5
configure:13417: $? = 0
configure:13431: result: yes
configure:13435: checking png.h presence
configure:13450: gcc -std=gnu99 -E  conftest.c
configure:13457: $? = 0
configure:13471: result: yes
configure:13499: checking for png.h
configure:13506: result: yes
configure:13529: checking zlib.h usability
configure:13546: gcc -std=gnu99 -c -g -O2  conftest.c >&5
configure:13553: $? = 0
configure:13567: result: yes
configure:13571: checking zlib.h presence
configure:13586: gcc -std=gnu99 -E  conftest.c
configure:13593: $? = 0
configure:13607: result: yes
configure:13635: checking for zlib.h
configure:13642: result: yes
configure:13656: checking for deflate in -lz
configure:13691: gcc -std=gnu99 -o conftest -g -O2   conftest.c -lz   >&5
configure:13698: $? = 0
configure:13719: result: yes
configure:13734: checking for png_create_info_struct in -lpng
configure:13769: gcc -std=gnu99 -o conftest -g -O2   conftest.c -lpng -lz -lm -lz  >&5
configure:13776: $? = 0
configure:13797: result: yes
configure:13819: checking libjpeg version number
configure:13822: result: 62
configure:13951: creating ./config.status

## ---------------------- ##
## Running config.status. ##
## ---------------------- ##

This file was extended by config.status, which was
generated by GNU Autoconf 2.63.  Invocation command line was

  CONFIG_FILES    = 
  CONFIG_HEADERS  = 
  CONFIG_LINKS    = 
  CONFIG_COMMANDS = 
  $ ./config.status 

on brazos.tamu.edu

config.status:1008: creating Makefile
config.status:1008: creating jconfig.h
config.status:1008: creating jconfig_api.h
config.status:1282: executing depfiles commands
config.status:1282: executing libtool commands

## ---------------- ##
## Cache variables. ##
## ---------------- ##

ac_cv_build=x86_64-unknown-linux-gnu
ac_cv_c_compiler_gnu=yes
ac_cv_c_const=yes
ac_cv_env_CC_set=
ac_cv_env_CC_value=
ac_cv_env_CFLAGS_set=
ac_cv_env_CFLAGS_value=
ac_cv_env_CPPFLAGS_set=
ac_cv_env_CPPFLAGS_value=
ac_cv_env_CPP_set=
ac_cv_env_CPP_value=
ac_cv_env_LDFLAGS_set=
ac_cv_env_LDFLAGS_value=
ac_cv_env_LIBS_set=
ac_cv_env_LIBS_value=
ac_cv_env_build_alias_set=
ac_cv_env_build_alias_value=
ac_cv_env_host_alias_set=
ac_cv_env_host_alias_value=
ac_cv_env_target_alias_set=
ac_cv_env_target_alias_value=
ac_cv_header_dlfcn_h=yes
ac_cv_header_inttypes_h=yes
ac_cv_header_memory_h=yes
ac_cv_header_png_h=yes
ac_cv_header_stdc=yes
ac_cv_header_stddef_h=yes
ac_cv_header_stdint_h=yes
ac_cv_header_stdlib_h=yes
ac_cv_header_string_h=yes
ac_cv_header_strings_h=yes
ac_cv_header_sys_stat_h=yes
ac_cv_header_sys_types_h=yes
ac_cv_header_unistd_h=yes
ac_cv_header_zlib_h=yes
ac_cv_host=x86_64-unknown-linux-gnu
ac_cv_lib_png_png_create_info_struct=yes
ac_cv_lib_z_deflate=yes
ac_cv_objext=o
ac_cv_path_EGREP='/bin/grep -E'
ac_cv_path_FGREP='/bin/grep -F'
ac_cv_path_GREP=/bin/grep
ac_cv_path_SED=/bin/sed
ac_cv_path_install='/usr/bin/install -c'
ac_cv_path_mkdir=/bin/mkdir
ac_cv_prog_AWK=gawk
ac_cv_prog_CPP='gcc -std=gnu99 -E'
ac_cv_prog_ac_ct_AR=ar
ac_cv_prog_ac_ct_CC=gcc
ac_cv_prog_ac_ct_OBJDUMP=objdump
ac_cv_prog_ac_ct_RANLIB=ranlib
ac_cv_prog_ac_ct_STRIP=strip
ac_cv_prog_cc_c89=
ac_cv_prog_cc_c99=-std=gnu99
ac_cv_prog_cc_g=yes
ac_cv_prog_cc_stdc=-std=gnu99
ac_cv_prog_make_make_set=yes
ac_cv_target=x86_64-unknown-linux-gnu
am_cv_CC_dependencies_compiler_type=gcc3
ijg_cv_have_prototypes=yes
ijg_cv_inline=__inline__
lt_cv_deplibs_check_method=pass_all
lt_cv_file_magic_cmd='$MAGIC_CMD'
lt_cv_file_magic_test_file=
lt_cv_ld_reload_flag=-r
lt_cv_nm_interface='BSD nm'
lt_cv_objdir=.libs
lt_cv_path_LD=/usr/bin/ld
lt_cv_path_NM='/usr/bin/nm -B'
lt_cv_prog_compiler_c_o=yes
lt_cv_prog_compiler_pic_works=yes
lt_cv_prog_compiler_rtti_exceptions=no
lt_cv_prog_compiler_static_works=yes
lt_cv_prog_gnu_ld=yes
lt_cv_sys_global_symbol_pipe='sed -n -e '\''s/^.*[	 ]\([ABCDGIRSTW][ABCDGIRSTW]*\)[	 ][	 ]*\([_A-Za-z][_A-Za-z0-9]*\)$/\1 \2 \2/p'\'''
lt_cv_sys_global_symbol_to_c_name_address='sed -n -e '\''s/^: \([^ ]*\) $/  {\"\1\", (void *) 0},/p'\'' -e '\''s/^[ABCDGIRSTW]* \([^ ]*\) \([^ ]*\)$/  {"\2", (void *) \&\2},/p'\'''
lt_cv_sys_global_symbol_to_c_name_address_lib_prefix='sed -n -e '\''s/^: \([^ ]*\) $/  {\"\1\", (void *) 0},/p'\'' -e '\''s/^[ABCDGIRSTW]* \([^ ]*\) \(lib[^ ]*\)$/  {"\2", (void *) \&\2},/p'\'' -e '\''s/^[ABCDGIRSTW]* \([^ ]*\) \([^ ]*\)$/  {"lib\2", (void *) \&\2},/p'\'''
lt_cv_sys_global_symbol_to_cdecl='sed -n -e '\''s/^T .* \(.*\)$/extern int \1();/p'\'' -e '\''s/^[ABCDGIRSTW]* .* \(.*\)$/extern char \1;/p'\'''
lt_cv_sys_max_cmd_len=98304

## ----------------- ##
## Output variables. ##
## ----------------- ##

ACLOCAL='${SHELL} /home/ext-jww004/brazos/sources/build/libjpeg-6b/config/missing --run aclocal-1.10'
AMDEPBACKSLASH='\'
AMDEP_FALSE='#'
AMDEP_TRUE=''
AMTAR='${SHELL} /home/ext-jww004/brazos/sources/build/libjpeg-6b/config/missing --run tar'
AR='ar'
AS='as'
AUTOCONF='${SHELL} /home/ext-jww004/brazos/sources/build/libjpeg-6b/config/missing --run autoconf'
AUTOHEADER='${SHELL} /home/ext-jww004/brazos/sources/build/libjpeg-6b/config/missing --run autoheader'
AUTOMAKE='${SHELL} /home/ext-jww004/brazos/sources/build/libjpeg-6b/config/missing --run automake-1.10'
AWK='gawk'
CC='gcc -std=gnu99'
CCDEPMODE='depmode=gcc3'
CFLAGS='-g -O2'
CPP='gcc -std=gnu99 -E'
CPPFLAGS=''
CYGPATH_W='echo'
DEFS='-DHAVE_CONFIG_H'
DEPDIR='.deps'
DLLTOOL='dlltool'
DSYMUTIL=''
DUMPBIN=''
ECHO_C=''
ECHO_N='-n'
ECHO_T=''
EGREP='/bin/grep -E'
EXEEXT=''
FGREP='/bin/grep -F'
GREP='/bin/grep'
INSTALL_DATA='${INSTALL} -m 644'
INSTALL_PROGRAM='${INSTALL}'
INSTALL_SCRIPT='${INSTALL}'
INSTALL_STRIP_PROGRAM='$(install_sh) -c -s'
JPEG_LIB_VERSION='62'
LD='/usr/bin/ld -m elf_x86_64'
LDFLAGS=''
LIBOBJS=''
LIBS=''
LIBTOOL='$(SHELL) $(top_builddir)/libtool'
LIPO=''
LN_S='ln -s'
LTLIBOBJS=''
MAINT='#'
MAINTAINER_MODE_FALSE=''
MAINTAINER_MODE_TRUE='#'
MAKEINFO='${SHELL} /home/ext-jww004/brazos/sources/build/libjpeg-6b/config/missing --run makeinfo'
MEMORYMGR='jmemnobs'
MKDIR_P='/bin/mkdir -p'
NM='/usr/bin/nm -B'
NMEDIT=''
OBJDUMP='objdump'
OBJEXT='o'
OTOOL64=''
OTOOL=''
PACKAGE='libjpeg'
PACKAGE_BUGREPORT=''
PACKAGE_NAME=''
PACKAGE_STRING=''
PACKAGE_TARNAME=''
PACKAGE_VERSION=''
PATH_SEPARATOR=':'
PNGLIBS='-lpng -lz -lm'
RANLIB='ranlib'
SED='/bin/sed'
SET_MAKE=''
SHELL='/bin/sh'
STRIP='strip'
VERSION='6b'
ac_ct_CC='gcc'
ac_ct_DUMPBIN=''
am__fastdepCC_FALSE='#'
am__fastdepCC_TRUE=''
am__include='include'
am__isrc=''
am__leading_dot='.'
am__quote=''
am__tar='${AMTAR} chof - "$$tardir"'
am__untar='${AMTAR} xf -'
bindir='${exec_prefix}/bin'
build='x86_64-unknown-linux-gnu'
build_alias=''
build_cpu='x86_64'
build_os='linux-gnu'
build_vendor='unknown'
datadir='${datarootdir}'
datarootdir='${prefix}/share'
docdir='${datarootdir}/doc/${PACKAGE}'
dvidir='${docdir}'
exec_prefix='${prefix}'
host='x86_64-unknown-linux-gnu'
host_alias=''
host_cpu='x86_64'
host_os='linux-gnu'
host_vendor='unknown'
htmldir='${docdir}'
includedir='${prefix}/include'
infodir='${datarootdir}/info'
install_sh='$(SHELL) /home/ext-jww004/brazos/sources/build/libjpeg-6b/config/install-sh'
libdir='${exec_prefix}/lib'
libexecdir='${exec_prefix}/libexec'
localedir='${datarootdir}/locale'
localstatedir='${prefix}/var'
lt_ECHO='echo'
mandir='${datarootdir}/man'
mkdir_p='/bin/mkdir -p'
oldincludedir='/usr/include'
pdfdir='${docdir}'
prefix='/home/ext-jww004/local'
program_transform_name='s,x,x,'
psdir='${docdir}'
sbindir='${exec_prefix}/sbin'
sharedstatedir='${prefix}/com'
sysconfdir='${prefix}/etc'
target='x86_64-unknown-linux-gnu'
target_alias=''
target_cpu='x86_64'
target_os='linux-gnu'
target_vendor='unknown'

## ----------- ##
## confdefs.h. ##
## ----------- ##

#define PACKAGE_NAME ""
#define PACKAGE_TARNAME ""
#define PACKAGE_VERSION ""
#define PACKAGE_STRING ""
#define PACKAGE_BUGREPORT ""
#define PACKAGE "libjpeg"
#define VERSION "6b"
#define HAVE_PROTOTYPES 1
#define STDC_HEADERS 1
#define HAVE_SYS_TYPES_H 1
#define HAVE_SYS_STAT_H 1
#define HAVE_STDLIB_H 1
#define HAVE_STRING_H 1
#define HAVE_MEMORY_H 1
#define HAVE_STRINGS_H 1
#define HAVE_INTTYPES_H 1
#define HAVE_STDINT_H 1
#define HAVE_UNISTD_H 1
#define HAVE_STDDEF_H 1
#define HAVE_STDLIB_H 1
#define HAVE_UNSIGNED_CHAR 1
#define HAVE_UNSIGNED_SHORT 1
#define INLINE __inline__
#define HAVE_DLFCN_H 1
#define LT_OBJDIR ".libs/"
#define BMP_SUPPORTED 1
#define GIF_SUPPORTED 1
#define PPM_SUPPORTED 1
#define TARGA_SUPPORTED 1
#define HAVE_LIBZ 1
#define PNG_SUPPORTED 1

configure: exit 0
